<?xml version="1.0" encoding="UTF-8"?>
<testsuite xmlns:xsi="http://www.w3.org/2001/XMLSchema-instance" xsi:noNamespaceSchemaLocation="https://maven.apache.org/surefire/maven-surefire-plugin/xsd/surefire-test-report-3.0.xsd" version="3.0" name="ru.innopolis.finalproject.FinalProjectApplicationTests" time="6.236" tests="1" errors="0" skipped="0" failures="0">
  <properties>
[...]
</properties>
  <testcase name="contextLoads" classname="ru.innopolis.finalproject.FinalProjectApplicationTests" time="0.004">
    <system-out><![CDATA[2024-03-27T18:38:51.248+03:00  INFO 34124 --- [           main] t.c.s.AnnotationConfigContextLoaderUtils : Could not detect default configuration classes for test class [ru.innopolis.finalproject.FinalProjectApplicationTests]: FinalProjectApplicationTests does not declare any static, non-private, non-final, nested classes annotated with @Configuration.
2024-03-27T18:38:51.259+03:00  INFO 34124 --- [           main] .b.t.c.SpringBootTestContextBootstrapper : Found @SpringBootConfiguration ru.innopolis.finalproject.FinalProjectApplication for test class ru.innopolis.finalproject.FinalProjectApplicationTests

  .   ____          _            __ _ _
 /\\ / ___'_ __ _ _(_)_ __  __ _ \ \ \ \
( ( )\___ | '_ | '_| | '_ \/ _` | \ \ \ \
 \\/  ___)| |_)| | | | | || (_| |  ) ) ) )
  '  |____| .__|_| |_|_| |_\__, | / / / /
 =========|_|==============|___/=/_/_/_/
 :: Spring Boot ::                (v3.2.4)

2024-03-27T18:38:51.289+03:00  INFO 34124 --- [           main] r.i.f.FinalProjectApplicationTests       : Starting FinalProjectApplicationTests using Java 17.0.9 with PID 34124 (started by Максим in C:\Users\Максим\Documents\Java_School_Innopolis\JavaProjects\JAVA_innopolis\FinalProject)
2024-03-27T18:38:51.290+03:00  INFO 34124 --- [           main] r.i.f.FinalProjectApplicationTests       : No active profile set, falling back to 1 default profile: "default"
2024-03-27T18:38:52.072+03:00  INFO 34124 --- [           main] .s.d.r.c.RepositoryConfigurationDelegate : Multiple Spring Data modules found, entering strict repository configuration mode
2024-03-27T18:38:52.076+03:00  INFO 34124 --- [           main] .s.d.r.c.RepositoryConfigurationDelegate : Bootstrapping Spring Data JDBC repositories in DEFAULT mode.
2024-03-27T18:38:52.147+03:00  INFO 34124 --- [           main] .RepositoryConfigurationExtensionSupport : Spring Data JDBC - Could not safely identify store assignment for repository candidate interface ru.innopolis.finalproject.repositories.AppointmentRepository; If you want this repository to be a JDBC repository, consider annotating your entities with one of these annotations: org.springframework.data.relational.core.mapping.Table.
2024-03-27T18:38:52.149+03:00  INFO 34124 --- [           main] .RepositoryConfigurationExtensionSupport : Spring Data JDBC - Could not safely identify store assignment for repository candidate interface ru.innopolis.finalproject.repositories.DoctorRepository; If you want this repository to be a JDBC repository, consider annotating your entities with one of these annotations: org.springframework.data.relational.core.mapping.Table.
2024-03-27T18:38:52.150+03:00  INFO 34124 --- [           main] .RepositoryConfigurationExtensionSupport : Spring Data JDBC - Could not safely identify store assignment for repository candidate interface ru.innopolis.finalproject.repositories.PatientRepository; If you want this repository to be a JDBC repository, consider annotating your entities with one of these annotations: org.springframework.data.relational.core.mapping.Table.
2024-03-27T18:38:52.151+03:00  INFO 34124 --- [           main] .RepositoryConfigurationExtensionSupport : Spring Data JDBC - Could not safely identify store assignment for repository candidate interface ru.innopolis.finalproject.repositories.TimeSlotRepository; If you want this repository to be a JDBC repository, consider annotating your entities with one of these annotations: org.springframework.data.relational.core.mapping.Table.
2024-03-27T18:38:52.152+03:00  INFO 34124 --- [           main] .s.d.r.c.RepositoryConfigurationDelegate : Finished Spring Data repository scanning in 64 ms. Found 0 JDBC repository interfaces.
2024-03-27T18:38:52.167+03:00  INFO 34124 --- [           main] .s.d.r.c.RepositoryConfigurationDelegate : Multiple Spring Data modules found, entering strict repository configuration mode
2024-03-27T18:38:52.170+03:00  INFO 34124 --- [           main] .s.d.r.c.RepositoryConfigurationDelegate : Bootstrapping Spring Data JPA repositories in DEFAULT mode.
2024-03-27T18:38:52.241+03:00  INFO 34124 --- [           main] .s.d.r.c.RepositoryConfigurationDelegate : Finished Spring Data repository scanning in 63 ms. Found 4 JPA repository interfaces.
2024-03-27T18:38:53.005+03:00  INFO 34124 --- [           main] o.hibernate.jpa.internal.util.LogHelper  : HHH000204: Processing PersistenceUnitInfo [name: default]
2024-03-27T18:38:53.118+03:00  INFO 34124 --- [           main] org.hibernate.Version                    : HHH000412: Hibernate ORM core version 6.4.1.Final
2024-03-27T18:38:53.205+03:00  INFO 34124 --- [           main] o.h.c.internal.RegionFactoryInitiator    : HHH000026: Second-level cache disabled
2024-03-27T18:38:53.312+03:00  INFO 34124 --- [           main] o.s.o.j.p.SpringPersistenceUnitInfo      : No LoadTimeWeaver setup: ignoring JPA class transformer
2024-03-27T18:38:53.337+03:00  INFO 34124 --- [           main] com.zaxxer.hikari.HikariDataSource       : HikariPool-1 - Starting...
2024-03-27T18:38:53.451+03:00  INFO 34124 --- [           main] com.zaxxer.hikari.pool.HikariPool        : HikariPool-1 - Added connection org.postgresql.jdbc.PgConnection@7a3ab73a
2024-03-27T18:38:53.453+03:00  INFO 34124 --- [           main] com.zaxxer.hikari.HikariDataSource       : HikariPool-1 - Start completed.
2024-03-27T18:38:53.644+03:00  WARN 34124 --- [           main] org.hibernate.orm.deprecation            : HHH90000025: PostgreSQLDialect does not need to be specified explicitly using 'hibernate.dialect' (remove the property setting and it will be selected by default)
2024-03-27T18:38:54.543+03:00  INFO 34124 --- [           main] o.h.e.t.j.p.i.JtaPlatformInitiator       : HHH000489: No JTA platform available (set 'hibernate.transaction.jta.platform' to enable JTA platform integration)
Hibernate: 
    alter table if exists appointment 
       drop constraint if exists FKoeb98n82eph1dx43v3y2bcmsl
Hibernate: 
    alter table if exists appointment 
       drop constraint if exists FK4apif2ewfyf14077ichee8g06
Hibernate: 
    alter table if exists appointment 
       drop constraint if exists FKdisg12iwrghlj6oanfi2oxmys
Hibernate: 
    alter table if exists time_slot 
       drop constraint if exists FK5867d0eaoobx26gnw2dvp6irw
Hibernate: 
    drop table if exists appointment cascade
Hibernate: 
    drop table if exists doctor cascade
Hibernate: 
    drop table if exists patient cascade
Hibernate: 
    drop table if exists time_slot cascade
Hibernate: 
    create table appointment (
        has_removed boolean,
        doctor_id bigint not null,
        id bigserial not null,
        patient_id bigint not null,
        time_slot_id bigint not null unique,
        service_type varchar(255) not null check (service_type in ('ONLINE','LIVE')),
        primary key (id)
    )
Hibernate: 
    create table doctor (
        has_removed boolean,
        speciality integer not null,
        id bigserial not null,
        phone_number bigint not null,
        first_name varchar(255) not null,
        last_name varchar(255) not null,
        patronymic varchar(255),
        primary key (id)
    )
Hibernate: 
    create table patient (
        birthdate date,
        has_removed boolean,
        phone_number integer not null,
        id bigserial not null,
        first_name varchar(255) not null,
        last_name varchar(255) not null,
        patronymic varchar(255),
        permanent_address varchar(255),
        residential_address varchar(255),
        primary key (id)
    )
Hibernate: 
    create table time_slot (
        availability Boolean default true not null,
        date date,
        end_time time(6) not null,
        has_removed boolean,
        start_time time(6) not null,
        doctor_id bigint not null,
        time_slot bigserial not null,
        primary key (time_slot)
    )
Hibernate: 
    alter table if exists appointment 
       add constraint FKoeb98n82eph1dx43v3y2bcmsl 
       foreign key (doctor_id) 
       references doctor
Hibernate: 
    alter table if exists appointment 
       add constraint FK4apif2ewfyf14077ichee8g06 
       foreign key (patient_id) 
       references patient
Hibernate: 
    alter table if exists appointment 
       add constraint FKdisg12iwrghlj6oanfi2oxmys 
       foreign key (time_slot_id) 
       references time_slot
Hibernate: 
    alter table if exists time_slot 
       add constraint FK5867d0eaoobx26gnw2dvp6irw 
       foreign key (doctor_id) 
       references doctor
2024-03-27T18:38:54.673+03:00  INFO 34124 --- [           main] j.LocalContainerEntityManagerFactoryBean : Initialized JPA EntityManagerFactory for persistence unit 'default'
2024-03-27T18:38:55.439+03:00  INFO 34124 --- [           main] o.s.d.j.r.query.QueryEnhancerFactory     : JSqlParser is in classpath; If applicable, JSqlParser will be used
2024-03-27T18:38:55.440+03:00  INFO 34124 --- [           main] o.s.d.j.r.query.QueryEnhancerFactory     : Hibernate is in classpath; If applicable, HQL parser will be used.
2024-03-27T18:38:56.248+03:00  WARN 34124 --- [           main] JpaBaseConfiguration$JpaWebConfiguration : spring.jpa.open-in-view is enabled by default. Therefore, database queries may be performed during view rendering. Explicitly configure spring.jpa.open-in-view to disable this warning
2024-03-27T18:38:57.307+03:00  INFO 34124 --- [           main] o.s.b.a.e.web.EndpointLinksResolver      : Exposing 1 endpoint(s) beneath base path '/actuator'
2024-03-27T18:38:57.404+03:00  INFO 34124 --- [           main] r.i.f.FinalProjectApplicationTests       : Started FinalProjectApplicationTests in 6.134 seconds (process running for 11.647)
]]></system-out>
  </testcase>
</testsuite>