<?xml version="1.0" encoding="UTF-8"?>
<testsuite xmlns:xsi="http://www.w3.org/2001/XMLSchema-instance" xsi:noNamespaceSchemaLocation="https://maven.apache.org/surefire/maven-surefire-plugin/xsd/surefire-test-report-3.0.xsd" version="3.0" name="ru.innopolis.repository.CarRepositoryImplTest" time="0.047" tests="3" errors="0" skipped="0" failures="0">
  <properties>
[...]
</properties>
  <testcase name="create" classname="ru.innopolis.repository.CarRepositoryImplTest" time="0.031"/>
  <testcase name="findAll" classname="ru.innopolis.repository.CarRepositoryImplTest" time="0.001"/>
  <testcase name="deleteAll" classname="ru.innopolis.repository.CarRepositoryImplTest" time="0.002">
    <system-out><![CDATA[Очистка файла прошла успешно
]]></system-out>
  </testcase>
</testsuite>