<?xml version="1.0" encoding="UTF-8"?>
<testsuite xmlns:xsi="http://www.w3.org/2001/XMLSchema-instance" xsi:noNamespaceSchemaLocation="https://maven.apache.org/surefire/maven-surefire-plugin/xsd/surefire-test-report-3.0.xsd" version="3.0" name="ru.innopolis.UsersRepositoryImplTest" time="0.165" tests="6" errors="0" skipped="0" failures="0">
  <properties>
[...]
</properties>
  <testcase name="create" classname="ru.innopolis.UsersRepositoryImplTest" time="0.054"/>
  <testcase name="findAll" classname="ru.innopolis.UsersRepositoryImplTest" time="0.003"/>
  <testcase name="update" classname="ru.innopolis.UsersRepositoryImplTest" time="0.01">
    <system-out><![CDATA[Очистка файла прошла успешно
Обновление пользователя по id прошло успешно
]]></system-out>
  </testcase>
  <testcase name="findById(String)[1]" classname="ru.innopolis.UsersRepositoryImplTest" time="0.018"/>
  <testcase name="deleteAll" classname="ru.innopolis.UsersRepositoryImplTest" time="0.002">
    <system-out><![CDATA[Очистка файла прошла успешно
]]></system-out>
  </testcase>
  <testcase name="deleteById" classname="ru.innopolis.UsersRepositoryImplTest" time="0.003">
    <system-out><![CDATA[Очистка файла прошла успешно
Удаление пользователя по id и обновление списка прошли успешно
]]></system-out>
  </testcase>
</testsuite>